2023.01.13 03:20:17 INFO  tracing is disabled for protocol LSP, to enable tracing of incoming and outgoing JSON messages create an empty file at /home/coder/project/reactlab/.metals/lsp.trace.json or /home/coder/.cache/metals/lsp.trace.json
2023.01.13 03:20:17 INFO  logging to file /home/coder/project/reactlab/.metals/metals.log
2023.01.13 03:20:17 INFO  Started: Metals version 0.11.7 in workspace '/home/coder/project/reactlab' for client code-server 1.60.0.
2023.01.13 03:20:19 INFO  time: initialize in 1.41s
2023.01.13 03:20:19 WARN  Flyway upgrade recommended: H2 2.1.214 is newer than this version of Flyway and support has not been tested. The latest supported version of H2 is 2.1.210.
2023.01.13 03:20:19 WARN  Build server is not auto-connectable.
2023.01.13 03:20:19 WARN  no build tool detected in workspace '/home/coder/project/reactlab'. The most common cause for this problem is that the editor was opened in the wrong working directory, for example if you use sbt then the workspace directory should contain build.sbt. 
2023.01.13 03:24:41 INFO  shutting down Metals
2023.01.13 09:55:23 INFO  tracing is disabled for protocol LSP, to enable tracing of incoming and outgoing JSON messages create an empty file at /home/coder/project/reactlab/.metals/lsp.trace.json or /home/coder/.cache/metals/lsp.trace.json
2023.01.13 09:55:24 INFO  logging to file /home/coder/project/reactlab/.metals/metals.log
2023.01.13 09:55:24 INFO  Started: Metals version 0.11.7 in workspace '/home/coder/project/reactlab' for client code-server 1.60.0.
2023.01.13 09:55:27 INFO  time: initialize in 2.31s
2023.01.13 09:55:27 WARN  Flyway upgrade recommended: H2 2.1.214 is newer than this version of Flyway and support has not been tested. The latest supported version of H2 is 2.1.210.
2023.01.13 09:55:27 WARN  Build server is not auto-connectable.
2023.01.13 09:55:27 WARN  no build tool detected in workspace '/home/coder/project/reactlab'. The most common cause for this problem is that the editor was opened in the wrong working directory, for example if you use sbt then the workspace directory should contain build.sbt. 
Jan 13, 2023 9:55:46 AM org.eclipse.lsp4j.jsonrpc.services.GenericEndpoint notify
INFO: Unsupported notification method: $/setTrace
2023.01.13 10:00:40 INFO  tracing is disabled for protocol LSP, to enable tracing of incoming and outgoing JSON messages create an empty file at /home/coder/project/reactlab/.metals/lsp.trace.json or /home/coder/.cache/metals/lsp.trace.json
2023.01.13 10:00:40 INFO  logging to file /home/coder/project/reactlab/.metals/metals.log
2023.01.13 10:00:40 INFO  Started: Metals version 0.11.7 in workspace '/home/coder/project/reactlab' for client code-server 1.60.0.
2023.01.13 10:00:41 INFO  time: initialize in 0.84s
2023.01.13 10:00:41 WARN  Flyway upgrade recommended: H2 2.1.214 is newer than this version of Flyway and support has not been tested. The latest supported version of H2 is 2.1.210.
2023.01.13 10:00:41 WARN  Build server is not auto-connectable.
2023.01.13 10:00:41 WARN  no build tool detected in workspace '/home/coder/project/reactlab'. The most common cause for this problem is that the editor was opened in the wrong working directory, for example if you use sbt then the workspace directory should contain build.sbt. 
Jan 13, 2023 10:06:15 AM org.eclipse.lsp4j.jsonrpc.services.GenericEndpoint notify
INFO: Unsupported notification method: $/setTrace
2023.01.13 10:14:17 INFO  shutting down Metals
2023.01.13 11:22:12 INFO  shutting down Metals
2023.01.13 11:23:13 INFO  tracing is disabled for protocol LSP, to enable tracing of incoming and outgoing JSON messages create an empty file at /home/coder/project/reactlab/.metals/lsp.trace.json or /home/coder/.cache/metals/lsp.trace.json
2023.01.13 11:23:13 INFO  logging to file /home/coder/project/reactlab/.metals/metals.log
2023.01.13 11:23:13 INFO  Started: Metals version 0.11.7 in workspace '/home/coder/project/reactlab' for client code-server 1.60.0.
2023.01.13 11:23:14 INFO  time: initialize in 0.79s
2023.01.13 11:23:14 WARN  Flyway upgrade recommended: H2 2.1.214 is newer than this version of Flyway and support has not been tested. The latest supported version of H2 is 2.1.210.
2023.01.13 11:23:14 WARN  Build server is not auto-connectable.
2023.01.13 11:23:14 WARN  no build tool detected in workspace '/home/coder/project/reactlab'. The most common cause for this problem is that the editor was opened in the wrong working directory, for example if you use sbt then the workspace directory should contain build.sbt. 
2023.01.13 11:30:13 INFO  shutting down Metals
